{
  "RSpec": {
    "coverage": {
      "/mnt/d/projects/Reunion/Back_end/reunion/config/environment.rb": {
        "lines": [
          null,
          1,
          null,
          null,
          1
        ]
      },
      "/mnt/d/projects/Reunion/Back_end/reunion/config/application.rb": {
        "lines": [
          1,
          null,
          1,
          null,
          null,
          null,
          1,
          null,
          1,
          1,
          null,
          1,
          null,
          null,
          null,
          null,
          null,
          null,
          null,
          null,
          null,
          null,
          null,
          null,
          1,
          null,
          null
        ]
      },
      "/mnt/d/projects/Reunion/Back_end/reunion/config/boot.rb": {
        "lines": [
          1,
          null,
          1,
          1
        ]
      },
      "/mnt/d/projects/Reunion/Back_end/reunion/config/environments/test.rb": {
        "lines": [
          1,
          null,
          null,
          null,
          null,
          null,
          null,
          1,
          null,
          null,
          null,
          1,
          null,
          null,
          null,
          null,
          1,
          null,
          null,
          1,
          1,
          null,
          null,
          null,
          null,
          1,
          1,
          1,
          null,
          null,
          1,
          null,
          null,
          1,
          null,
          null,
          1,
          null,
          1,
          null,
          null,
          null,
          null,
          1,
          null,
          null,
          1,
          null,
          null,
          1,
          null,
          null,
          1,
          null,
          null,
          null,
          null,
          null,
          null,
          null
        ]
      },
      "/mnt/d/projects/Reunion/Back_end/reunion/config/initializers/cors.rb": {
        "lines": [
          null,
          null,
          null,
          null,
          null,
          null,
          null,
          1,
          1,
          1,
          null,
          1,
          null,
          null,
          null,
          null
        ]
      },
      "/mnt/d/projects/Reunion/Back_end/reunion/config/initializers/filter_parameter_logging.rb": {
        "lines": [
          null,
          null,
          null,
          null,
          null,
          1,
          null,
          null
        ]
      },
      "/mnt/d/projects/Reunion/Back_end/reunion/config/initializers/inflections.rb": {
        "lines": [
          null,
          null,
          null,
          null,
          null,
          null,
          null,
          null,
          null,
          null,
          null,
          null,
          null,
          null,
          null,
          null
        ]
      },
      "/mnt/d/projects/Reunion/Back_end/reunion/config/routes.rb": {
        "lines": [
          1,
          null,
          null,
          null,
          null,
          1,
          1,
          1,
          1,
          1,
          1,
          1,
          1,
          1,
          1,
          1,
          1,
          null,
          1,
          1,
          null,
          1,
          1,
          1,
          1,
          1,
          1,
          1,
          1,
          1,
          1,
          1,
          1,
          1,
          null,
          null
        ]
      },
      "/mnt/d/projects/Reunion/Back_end/reunion/app/models/branch_clan.rb": {
        "lines": [
          1,
          1,
          null
        ]
      },
      "/mnt/d/projects/Reunion/Back_end/reunion/app/models/application_record.rb": {
        "lines": [
          1,
          1,
          null
        ]
      },
      "/mnt/d/projects/Reunion/Back_end/reunion/spec/models/branch_creation_spec.rb": {
        "lines": [
          1,
          null,
          1,
          1,
          null
        ]
      },
      "/mnt/d/projects/Reunion/Back_end/reunion/app/models/branch_creation.rb": {
        "lines": [
          1,
          1,
          1,
          null,
          null
        ]
      },
      "/mnt/d/projects/Reunion/Back_end/reunion/spec/models/child_spec.rb": {
        "lines": [
          1,
          null,
          1,
          1,
          null
        ]
      },
      "/mnt/d/projects/Reunion/Back_end/reunion/app/models/child.rb": {
        "lines": [
          1,
          1,
          1,
          null
        ]
      },
      "/mnt/d/projects/Reunion/Back_end/reunion/spec/models/clan_creation_spec.rb": {
        "lines": [
          1,
          null,
          1,
          1,
          null
        ]
      },
      "/mnt/d/projects/Reunion/Back_end/reunion/app/models/clan_creation.rb": {
        "lines": [
          1,
          1,
          1,
          null,
          null,
          null
        ]
      },
      "/mnt/d/projects/Reunion/Back_end/reunion/spec/models/clan_detail_spec.rb": {
        "lines": [
          1,
          null,
          1,
          1,
          null
        ]
      },
      "/mnt/d/projects/Reunion/Back_end/reunion/app/models/clan_detail.rb": {
        "lines": [
          1,
          1,
          1,
          null
        ]
      },
      "/mnt/d/projects/Reunion/Back_end/reunion/spec/models/clan_history_spec.rb": {
        "lines": [
          1,
          null,
          1,
          1,
          null
        ]
      },
      "/mnt/d/projects/Reunion/Back_end/reunion/app/models/clan_history.rb": {
        "lines": [
          1,
          1,
          1,
          null
        ]
      },
      "/mnt/d/projects/Reunion/Back_end/reunion/spec/models/clan_request_spec.rb": {
        "lines": [
          1,
          null,
          1,
          1,
          null
        ]
      },
      "/mnt/d/projects/Reunion/Back_end/reunion/app/models/clan_request.rb": {
        "lines": [
          1,
          null,
          1,
          null,
          null,
          1,
          null
        ]
      },
      "/mnt/d/projects/Reunion/Back_end/reunion/spec/models/clan_spec.rb": {
        "lines": [
          1,
          null,
          1,
          1,
          null
        ]
      },
      "/mnt/d/projects/Reunion/Back_end/reunion/app/models/clan.rb": {
        "lines": [
          1,
          1,
          1,
          1,
          null,
          null,
          1,
          1,
          1,
          1,
          1,
          null,
          null,
          null
        ]
      },
      "/mnt/d/projects/Reunion/Back_end/reunion/spec/models/comment_spec.rb": {
        "lines": [
          1,
          null,
          1,
          1,
          null
        ]
      },
      "/mnt/d/projects/Reunion/Back_end/reunion/app/models/comment.rb": {
        "lines": [
          1,
          null,
          1,
          1,
          null
        ]
      },
      "/mnt/d/projects/Reunion/Back_end/reunion/spec/models/edit_spec.rb": {
        "lines": [
          1,
          null,
          1,
          1,
          null
        ]
      },
      "/mnt/d/projects/Reunion/Back_end/reunion/app/models/edit.rb": {
        "lines": [
          1,
          1,
          1,
          1,
          1,
          null
        ]
      },
      "/mnt/d/projects/Reunion/Back_end/reunion/spec/models/family_history_spec.rb": {
        "lines": [
          1,
          null,
          1,
          1,
          null
        ]
      },
      "/mnt/d/projects/Reunion/Back_end/reunion/app/models/family_history.rb": {
        "lines": [
          1,
          1,
          1,
          null
        ]
      },
      "/mnt/d/projects/Reunion/Back_end/reunion/spec/models/family_spec.rb": {
        "lines": [
          1,
          null,
          1,
          1,
          null
        ]
      },
      "/mnt/d/projects/Reunion/Back_end/reunion/app/models/family.rb": {
        "lines": [
          1,
          null,
          null,
          1,
          null,
          1,
          null,
          1,
          1,
          null,
          1,
          null,
          null
        ]
      },
      "/mnt/d/projects/Reunion/Back_end/reunion/spec/models/history_spec.rb": {
        "lines": [
          1,
          null,
          1,
          1,
          null
        ]
      },
      "/mnt/d/projects/Reunion/Back_end/reunion/app/models/history.rb": {
        "lines": [
          1,
          1,
          1,
          1,
          1,
          1,
          1,
          null
        ]
      },
      "/mnt/d/projects/Reunion/Back_end/reunion/spec/models/member_spec.rb": {
        "lines": [
          1,
          null,
          1,
          1,
          null
        ]
      },
      "/mnt/d/projects/Reunion/Back_end/reunion/app/models/member.rb": {
        "lines": [
          1,
          null,
          1,
          1,
          1,
          1,
          null,
          null
        ]
      },
      "/mnt/d/projects/Reunion/Back_end/reunion/spec/models/memory_spec.rb": {
        "lines": [
          1,
          null,
          1,
          1,
          null
        ]
      },
      "/mnt/d/projects/Reunion/Back_end/reunion/app/models/memory.rb": {
        "lines": [
          1,
          1,
          1,
          null
        ]
      },
      "/mnt/d/projects/Reunion/Back_end/reunion/spec/models/partner_spec.rb": {
        "lines": [
          1,
          null,
          1,
          1,
          null
        ]
      },
      "/mnt/d/projects/Reunion/Back_end/reunion/app/models/partner.rb": {
        "lines": [
          1,
          1,
          1,
          null
        ]
      },
      "/mnt/d/projects/Reunion/Back_end/reunion/spec/models/person_spec.rb": {
        "lines": [
          1,
          null,
          1,
          1,
          null
        ]
      },
      "/mnt/d/projects/Reunion/Back_end/reunion/app/models/person.rb": {
        "lines": [
          1,
          null,
          1,
          1,
          1,
          null
        ]
      },
      "/mnt/d/projects/Reunion/Back_end/reunion/spec/models/request_spec.rb": {
        "lines": [
          1,
          null,
          1,
          1,
          null
        ]
      },
      "/mnt/d/projects/Reunion/Back_end/reunion/app/models/request.rb": {
        "lines": [
          1,
          1,
          null,
          1,
          1,
          null,
          null
        ]
      },
      "/mnt/d/projects/Reunion/Back_end/reunion/spec/models/user_detail_spec.rb": {
        "lines": [
          1,
          null,
          1,
          1,
          null
        ]
      },
      "/mnt/d/projects/Reunion/Back_end/reunion/app/models/user_detail.rb": {
        "lines": [
          1,
          1,
          null,
          1,
          1,
          1,
          1,
          1,
          1,
          null
        ]
      },
      "/mnt/d/projects/Reunion/Back_end/reunion/spec/models/user_spec.rb": {
        "lines": [
          1,
          null,
          1,
          1,
          null
        ]
      },
      "/mnt/d/projects/Reunion/Back_end/reunion/app/models/user.rb": {
        "lines": [
          1,
          1,
          1,
          1,
          1,
          1,
          null,
          1,
          null,
          null,
          1,
          null,
          1,
          16,
          16,
          null,
          null,
          null,
          1,
          1,
          null,
          null,
          1,
          31,
          31,
          null,
          null,
          1,
          15,
          15,
          15,
          15,
          null,
          0,
          null,
          null,
          null,
          1,
          30,
          null,
          null,
          1,
          0,
          null,
          null,
          null,
          null
        ]
      },
      "/mnt/d/projects/Reunion/Back_end/reunion/spec/requests/member_spec.rb": {
        "lines": [
          1,
          null,
          1,
          null,
          1,
          13,
          null,
          null,
          null,
          null,
          null,
          null,
          null,
          null,
          null,
          13,
          13,
          null,
          13,
          null,
          null,
          null,
          null,
          13,
          null,
          null,
          null,
          null,
          null,
          null,
          null,
          null,
          null,
          1,
          1,
          1,
          null,
          null,
          null,
          null,
          1,
          1,
          1,
          null,
          null,
          null,
          null,
          1,
          1,
          1,
          null,
          null,
          null,
          null,
          null,
          null,
          1,
          1,
          null,
          null,
          null,
          null,
          1,
          null,
          1,
          1,
          null,
          null,
          null,
          null,
          null,
          null,
          null,
          1,
          1,
          null,
          null,
          null,
          null,
          null,
          null,
          null,
          1,
          1,
          null,
          null,
          null,
          null,
          1,
          1,
          1,
          null,
          null,
          null,
          null,
          1,
          1,
          1,
          null,
          null,
          null,
          null,
          1,
          1,
          1,
          null,
          null,
          null,
          null,
          1,
          1,
          1,
          null,
          null,
          null,
          null,
          1,
          1,
          1,
          null,
          null,
          null,
          null,
          null,
          null,
          1,
          1,
          null,
          null,
          null,
          null,
          1,
          null,
          1,
          1,
          null,
          null,
          null,
          null,
          null,
          1,
          null,
          null,
          null,
          null,
          null,
          null,
          null,
          null,
          null,
          1,
          1,
          null,
          null,
          null,
          null,
          null,
          null,
          1,
          1,
          null,
          null,
          null,
          null,
          1,
          1,
          1,
          null,
          null,
          null,
          null,
          null,
          1,
          1,
          1,
          null,
          null,
          null,
          null,
          1,
          1,
          1,
          null,
          null,
          null,
          null,
          null,
          null,
          1,
          1,
          null,
          null,
          null,
          null,
          1,
          1,
          1,
          null,
          null,
          null,
          null,
          null,
          null,
          1,
          1,
          null,
          null,
          null,
          null,
          null,
          null,
          null,
          null,
          1,
          1,
          null,
          null,
          null,
          null,
          1,
          1,
          1,
          null,
          null,
          null,
          null,
          null,
          1,
          1,
          1,
          null,
          null,
          null,
          null,
          1,
          1,
          1,
          null,
          null,
          null,
          null,
          null,
          null,
          1,
          1,
          null,
          null,
          null,
          null,
          null,
          null,
          null,
          1,
          1,
          null,
          null,
          null,
          null,
          1,
          1,
          1,
          null,
          null,
          null,
          null,
          null,
          1,
          1,
          1,
          null,
          null,
          null,
          null,
          null
        ]
      },
      "/mnt/d/projects/Reunion/Back_end/reunion/spec/requests/officer_spec.rb": {
        "lines": [
          1,
          null,
          1,
          1,
          1,
          1,
          null,
          null,
          null,
          null,
          null,
          null,
          null,
          null,
          null,
          1,
          1,
          null,
          1,
          null,
          null,
          null,
          null,
          1,
          null,
          null,
          null,
          null,
          null,
          1,
          1,
          null,
          null,
          null,
          null,
          1,
          1,
          1,
          null,
          null,
          null,
          null,
          null
        ]
      },
      "/mnt/d/projects/Reunion/Back_end/reunion/spec/requests/users_spec.rb": {
        "lines": [
          1,
          null,
          1,
          null,
          null,
          1,
          null,
          1,
          1,
          null,
          null,
          null,
          null,
          null,
          null,
          null,
          null,
          1,
          1,
          1,
          null,
          null,
          null,
          1,
          1,
          1,
          null,
          null,
          null,
          null,
          null,
          null,
          null,
          null,
          1,
          1,
          null,
          null,
          null,
          null,
          1,
          1,
          1,
          null,
          null,
          null,
          null,
          null
        ]
      },
      "/mnt/d/projects/Reunion/Back_end/reunion/app/controllers/users_controller.rb": {
        "lines": [
          1,
          null,
          1,
          1,
          null,
          null,
          1,
          0,
          0,
          0,
          null,
          null,
          1,
          null,
          14,
          14,
          14,
          14,
          null,
          14,
          null,
          14,
          null,
          null,
          null,
          null,
          14,
          null,
          null,
          null,
          null,
          null,
          14,
          null,
          14,
          null,
          null,
          14,
          null,
          null,
          0,
          0,
          null,
          null,
          null,
          null,
          0,
          null,
          null,
          null,
          null,
          1,
          0,
          0,
          0,
          0,
          0,
          null,
          0,
          null,
          0,
          null,
          null,
          null,
          null,
          0,
          null,
          null,
          null,
          null,
          0,
          null,
          null,
          null,
          null,
          null,
          0,
          null,
          0,
          null,
          null,
          null,
          0,
          null,
          0,
          0,
          null,
          null,
          null,
          null,
          0,
          null,
          null,
          null,
          1,
          0,
          0,
          0,
          0,
          0,
          0,
          null,
          0,
          null,
          0,
          null,
          null,
          0,
          null,
          null,
          null,
          1,
          0,
          null,
          null,
          null,
          null,
          1,
          0,
          0,
          0,
          null,
          0,
          null,
          null,
          null,
          1,
          14,
          14,
          null,
          14,
          null,
          null,
          14,
          null,
          null,
          null,
          null,
          null,
          14,
          14,
          null,
          null,
          null,
          null,
          null,
          14,
          null,
          0,
          0,
          null,
          null,
          0,
          null,
          null,
          null,
          1,
          0,
          null,
          null,
          null,
          null,
          0,
          null,
          null,
          null,
          0,
          null,
          null,
          null,
          null,
          0,
          0,
          null,
          null,
          null,
          null,
          null,
          0,
          null,
          0,
          0,
          null,
          null,
          null,
          null,
          null,
          null,
          null,
          null,
          null,
          1,
          0,
          0,
          0,
          null,
          0,
          null,
          null,
          null,
          null,
          0,
          0,
          null,
          null,
          null,
          null,
          null,
          0,
          null,
          0,
          null,
          null,
          null,
          0,
          null,
          null,
          null,
          1,
          15,
          15,
          15,
          null,
          15,
          null,
          null,
          null,
          15,
          15,
          null,
          null,
          null,
          null,
          null,
          null,
          null,
          0,
          null,
          null,
          null,
          null,
          null,
          null,
          null,
          0,
          null,
          null,
          null,
          null,
          1,
          1,
          1,
          1,
          null,
          1,
          0,
          null,
          null,
          null,
          null,
          null,
          null,
          1,
          null,
          null,
          null,
          null,
          null,
          null,
          null,
          0,
          null,
          null,
          0,
          null,
          null,
          null,
          null,
          null,
          null,
          null,
          null,
          null,
          null,
          null,
          null,
          null,
          null,
          null,
          null,
          null,
          null,
          null,
          null,
          null,
          null,
          null,
          null,
          null,
          null,
          null,
          null,
          1,
          1,
          14,
          14,
          14,
          0,
          null,
          null,
          0,
          null,
          null,
          null,
          null,
          null,
          1,
          15,
          null,
          null,
          null,
          null,
          null,
          null,
          null
        ]
      },
      "/mnt/d/projects/Reunion/Back_end/reunion/app/controllers/application_controller.rb": {
        "lines": [
          1,
          null,
          1,
          18,
          18,
          null,
          18,
          null,
          18,
          18,
          null,
          null,
          null,
          null,
          18,
          0,
          null,
          null,
          0,
          null,
          null,
          null,
          1,
          1,
          1,
          1,
          1,
          null,
          1,
          null,
          1,
          null,
          null,
          1,
          0,
          null,
          null,
          null,
          null,
          0,
          null,
          null,
          0,
          null,
          null,
          null
        ]
      },
      "/mnt/d/projects/Reunion/Back_end/reunion/app/controllers/member_controller.rb": {
        "lines": [
          1,
          1,
          null,
          null,
          1,
          null,
          1,
          1,
          null,
          null,
          1,
          3,
          null,
          null,
          3,
          null,
          null,
          null,
          null,
          3,
          3,
          null,
          0,
          0,
          null,
          null,
          null,
          1,
          2,
          null,
          2,
          null,
          null,
          null,
          null,
          null,
          2,
          2,
          null,
          null,
          null,
          null,
          null,
          2,
          null,
          null,
          2,
          null,
          0,
          null,
          null,
          null,
          1,
          1,
          null,
          1,
          null,
          null,
          1,
          1,
          1,
          null,
          null,
          1,
          1,
          null,
          null,
          1,
          null,
          null,
          null,
          null,
          1,
          1,
          null,
          0,
          0,
          null,
          null,
          null,
          1,
          1,
          1,
          null,
          null,
          null,
          1,
          1,
          null,
          null,
          null,
          null,
          1,
          null,
          0,
          0,
          null,
          null,
          null,
          1,
          3,
          0,
          null,
          null,
          null,
          0,
          null,
          null,
          null,
          null,
          null,
          null,
          null,
          3,
          null,
          null,
          null,
          null,
          3,
          null,
          null,
          null,
          null,
          3,
          3,
          null,
          0,
          0,
          null,
          null,
          null,
          null,
          1,
          null,
          1,
          null,
          null,
          1,
          1,
          0,
          null,
          null,
          1,
          null,
          null,
          1,
          null,
          1,
          null,
          null,
          null,
          null,
          null,
          1,
          1,
          null,
          0,
          null,
          null,
          null,
          null,
          1,
          1,
          null,
          1,
          null,
          null,
          1,
          1,
          null,
          null,
          1,
          null,
          null,
          null,
          null,
          null,
          1,
          1,
          null,
          0,
          0,
          null,
          null,
          null,
          1,
          1,
          1,
          null,
          null,
          null
        ]
      },
      "/mnt/d/projects/Reunion/Back_end/reunion/app/controllers/officer_controller.rb": {
        "lines": [
          1,
          1,
          null,
          1,
          0,
          null,
          null,
          1,
          null,
          1,
          1,
          null,
          null,
          null,
          null,
          null,
          1,
          0,
          0,
          null,
          null,
          0,
          null,
          null,
          null,
          null,
          null,
          null,
          null,
          0,
          0,
          null,
          null,
          0,
          null,
          0,
          null,
          null,
          null,
          null,
          null,
          null,
          null,
          null,
          null,
          null
        ]
      }
    },
    "timestamp": 1697454021
  }
}
